Started GET "/" for ::1 at 2022-08-16 22:39:20 +0900
  [1m[35m (3.1ms)[0m  [1m[34mSELECT sqlite_version(*)[0m
Processing by Rails::WelcomeController#index as HTML
  Rendering /Library/Ruby/Gems/2.6.0/gems/railties-6.1.6.1/lib/rails/templates/rails/welcome/index.html.erb
  Rendered /Library/Ruby/Gems/2.6.0/gems/railties-6.1.6.1/lib/rails/templates/rails/welcome/index.html.erb (Duration: 41.8ms | Allocations: 482)
Completed 200 OK in 94ms (Views: 60.4ms | ActiveRecord: 0.0ms | Allocations: 4181)


  [1m[35m (0.8ms)[0m  [1m[34mSELECT sqlite_version(*)[0m
  [1m[35m (1.6ms)[0m  [1m[35mCREATE TABLE "schema_migrations" ("version" varchar NOT NULL PRIMARY KEY)[0m
  [1m[35m (0.9ms)[0m  [1m[35mCREATE TABLE "ar_internal_metadata" ("key" varchar NOT NULL PRIMARY KEY, "value" varchar, "created_at" datetime(6) NOT NULL, "updated_at" datetime(6) NOT NULL)[0m
  [1m[35m (0.3ms)[0m  [1m[34mSELECT "schema_migrations"."version" FROM "schema_migrations" ORDER BY "schema_migrations"."version" ASC[0m
Migrating to CreateUsers (20220816134926)
  [1m[36mTRANSACTION (0.1ms)[0m  [1m[36mbegin transaction[0m
  [1m[35m (1.6ms)[0m  [1m[35mCREATE TABLE "users" ("id" integer PRIMARY KEY AUTOINCREMENT NOT NULL, "name" varchar NOT NULL, "created_at" datetime(6) NOT NULL, "updated_at" datetime(6) NOT NULL)[0m
  [1m[36mActiveRecord::SchemaMigration Create (0.4ms)[0m  [1m[32mINSERT INTO "schema_migrations" ("version") VALUES (?)[0m  [["version", "20220816134926"]]
  [1m[36mTRANSACTION (1.4ms)[0m  [1m[36mcommit transaction[0m
Migrating to CreateAccounts (20220816135024)
  [1m[35m (0.6ms)[0m  [1m[34mSELECT sqlite_version(*)[0m
  [1m[35m (0.5ms)[0m  [1m[34mSELECT "schema_migrations"."version" FROM "schema_migrations" ORDER BY "schema_migrations"."version" ASC[0m
Migrating to CreateAccounts (20220816135024)
  [1m[36mTRANSACTION (0.1ms)[0m  [1m[36mbegin transaction[0m
  [1m[35m (0.6ms)[0m  [1m[35mALTER TABLE "users" ADD "{:index=>true}_id" integer[0m
  [1m[35m (0.3ms)[0m  [1m[35mCREATE INDEX "index_users_on_{:index=>true}_id" ON "users" ("{:index=>true}_id")[0m
  [1m[35m (0.1ms)[0m  [1m[35mCREATE TABLE "accounts" ("id" integer PRIMARY KEY AUTOINCREMENT NOT NULL, "name" varchar NOT NULL, "balance" decimal NOT NULL, "created_at" datetime(6) NOT NULL, "updated_at" datetime(6) NOT NULL)[0m
  [1m[36mActiveRecord::SchemaMigration Create (0.5ms)[0m  [1m[32mINSERT INTO "schema_migrations" ("version") VALUES (?)[0m  [["version", "20220816135024"]]
  [1m[36mTRANSACTION (1.0ms)[0m  [1m[36mcommit transaction[0m
  [1m[36mActiveRecord::InternalMetadata Load (0.3ms)[0m  [1m[34mSELECT "ar_internal_metadata".* FROM "ar_internal_metadata" WHERE "ar_internal_metadata"."key" = ? LIMIT ?[0m  [["key", "environment"], ["LIMIT", 1]]
  [1m[36mTRANSACTION (0.1ms)[0m  [1m[36mbegin transaction[0m
  [1m[36mActiveRecord::InternalMetadata Create (0.6ms)[0m  [1m[32mINSERT INTO "ar_internal_metadata" ("key", "value", "created_at", "updated_at") VALUES (?, ?, ?, ?)[0m  [["key", "environment"], ["value", "development"], ["created_at", "2022-08-16 13:52:46.949093"], ["updated_at", "2022-08-16 13:52:46.949093"]]
  [1m[36mTRANSACTION (1.1ms)[0m  [1m[36mcommit transaction[0m
  [1m[35m (0.1ms)[0m  [1m[34mSELECT sqlite_version(*)[0m
  [1m[35m (0.1ms)[0m  [1m[34mSELECT "schema_migrations"."version" FROM "schema_migrations" ORDER BY "schema_migrations"."version" ASC[0m
  [1m[35m (1.7ms)[0m  [1m[34mSELECT sqlite_version(*)[0m
  [1m[36mUser Load (0.6ms)[0m  [1m[34mSELECT "users".* FROM "users" /* loading for inspect */ LIMIT ?[0m  [["LIMIT", 11]]
  [1m[35m (4.1ms)[0m  [1m[34mSELECT sqlite_version(*)[0m
  [1m[35m (1.3ms)[0m  [1m[34mSELECT "schema_migrations"."version" FROM "schema_migrations" ORDER BY "schema_migrations"."version" ASC[0m
Migrating to CreateAccounts (20220816135024)
  [1m[36mTRANSACTION (0.4ms)[0m  [1m[36mbegin transaction[0m
  [1m[35m (3.6ms)[0m  [1m[35mDROP TABLE "accounts"[0m
  [1m[36mActiveRecord::SchemaMigration Destroy (2.5ms)[0m  [1m[31mDELETE FROM "schema_migrations" WHERE "schema_migrations"."version" = ?[0m  [["version", "20220816135024"]]
  [1m[36mTRANSACTION (6.7ms)[0m  [1m[36mcommit transaction[0m
  [1m[35m (1.2ms)[0m  [1m[34mSELECT sqlite_version(*)[0m
  [1m[35m (0.5ms)[0m  [1m[34mSELECT "schema_migrations"."version" FROM "schema_migrations" ORDER BY "schema_migrations"."version" ASC[0m
  [1m[35m (3.5ms)[0m  [1m[34mSELECT sqlite_version(*)[0m
  [1m[35m (1.2ms)[0m  [1m[34mSELECT "schema_migrations"."version" FROM "schema_migrations" ORDER BY "schema_migrations"."version" ASC[0m
Migrating to CreateAccounts (20220816135024)
  [1m[35m (3.2ms)[0m  [1m[34mSELECT sqlite_version(*)[0m
  [1m[35m (7.9ms)[0m  [1m[34mSELECT "schema_migrations"."version" FROM "schema_migrations" ORDER BY "schema_migrations"."version" ASC[0m
Migrating to CreateAccounts (20220816135024)
  [1m[36mTRANSACTION (0.9ms)[0m  [1m[36mbegin transaction[0m
  [1m[35m (4.5ms)[0m  [1m[35mCREATE TABLE "accounts" ("id" integer PRIMARY KEY AUTOINCREMENT NOT NULL, "name" varchar NOT NULL, "balance" decimal NOT NULL, "users_id" integer, "created_at" datetime(6) NOT NULL, "updated_at" datetime(6) NOT NULL)[0m
  [1m[35m (0.8ms)[0m  [1m[35mCREATE INDEX "index_accounts_on_users_id" ON "accounts" ("users_id")[0m
  [1m[36mActiveRecord::SchemaMigration Create (1.3ms)[0m  [1m[32mINSERT INTO "schema_migrations" ("version") VALUES (?)[0m  [["version", "20220816135024"]]
  [1m[36mTRANSACTION (5.7ms)[0m  [1m[36mcommit transaction[0m
  [1m[36mActiveRecord::InternalMetadata Load (14.5ms)[0m  [1m[34mSELECT "ar_internal_metadata".* FROM "ar_internal_metadata" WHERE "ar_internal_metadata"."key" = ? LIMIT ?[0m  [["key", "environment"], ["LIMIT", 1]]
  [1m[35m (0.3ms)[0m  [1m[34mSELECT sqlite_version(*)[0m
  [1m[35m (1.0ms)[0m  [1m[34mSELECT "schema_migrations"."version" FROM "schema_migrations" ORDER BY "schema_migrations"."version" ASC[0m
  [1m[35m (4.6ms)[0m  [1m[34mSELECT sqlite_version(*)[0m
  [1m[36mAccount Load (0.7ms)[0m  [1m[34mSELECT "accounts".* FROM "accounts" /* loading for inspect */ LIMIT ?[0m  [["LIMIT", 11]]
  [1m[35m (3.1ms)[0m  [1m[34mSELECT sqlite_version(*)[0m
  [1m[35m (1.3ms)[0m  [1m[34mSELECT "schema_migrations"."version" FROM "schema_migrations" ORDER BY "schema_migrations"."version" ASC[0m
  [1m[35m (0.3ms)[0m  [1m[34mSELECT sqlite_version(*)[0m
  [1m[36mTRANSACTION (0.2ms)[0m  [1m[36mbegin transaction[0m
  [1m[36mUser Create (3.4ms)[0m  [1m[32mINSERT INTO "users" ("name", "created_at", "updated_at") VALUES (?, ?, ?)[0m  [["name", "Alice"], ["created_at", "2022-08-16 14:02:44.687308"], ["updated_at", "2022-08-16 14:02:44.687308"]]
  [1m[36mTRANSACTION (1.9ms)[0m  [1m[36mcommit transaction[0m
  [1m[35m (3.4ms)[0m  [1m[34mSELECT sqlite_version(*)[0m
  [1m[35m (1.2ms)[0m  [1m[34mSELECT "schema_migrations"."version" FROM "schema_migrations" ORDER BY "schema_migrations"."version" ASC[0m
  [1m[35m (0.3ms)[0m  [1m[34mSELECT sqlite_version(*)[0m
  [1m[36mTRANSACTION (0.3ms)[0m  [1m[36mbegin transaction[0m
  [1m[36mUser Create (8.3ms)[0m  [1m[32mINSERT INTO "users" ("name", "created_at", "updated_at") VALUES (?, ?, ?)[0m  [["name", "Alice"], ["created_at", "2022-08-16 14:03:05.281727"], ["updated_at", "2022-08-16 14:03:05.281727"]]
  [1m[36mTRANSACTION (3.0ms)[0m  [1m[36mcommit transaction[0m
  [1m[35m (3.1ms)[0m  [1m[34mSELECT sqlite_version(*)[0m
  [1m[35m (1.3ms)[0m  [1m[34mSELECT "schema_migrations"."version" FROM "schema_migrations" ORDER BY "schema_migrations"."version" ASC[0m
Migrating to CreateAccounts (20220816135024)
  [1m[36mTRANSACTION (0.2ms)[0m  [1m[36mbegin transaction[0m
  [1m[35m (3.9ms)[0m  [1m[35mDROP TABLE "accounts"[0m
  [1m[36mActiveRecord::SchemaMigration Destroy (1.1ms)[0m  [1m[31mDELETE FROM "schema_migrations" WHERE "schema_migrations"."version" = ?[0m  [["version", "20220816135024"]]
  [1m[36mTRANSACTION (3.0ms)[0m  [1m[36mcommit transaction[0m
  [1m[35m (0.4ms)[0m  [1m[34mSELECT sqlite_version(*)[0m
  [1m[35m (0.5ms)[0m  [1m[34mSELECT "schema_migrations"."version" FROM "schema_migrations" ORDER BY "schema_migrations"."version" ASC[0m
  [1m[35m (2.5ms)[0m  [1m[34mSELECT sqlite_version(*)[0m
  [1m[35m (0.6ms)[0m  [1m[34mSELECT "schema_migrations"."version" FROM "schema_migrations" ORDER BY "schema_migrations"."version" ASC[0m
Migrating to CreateAccounts (20220816135024)
  [1m[36mTRANSACTION (0.5ms)[0m  [1m[36mbegin transaction[0m
  [1m[35m (2.3ms)[0m  [1m[35mCREATE TABLE "accounts" ("id" integer PRIMARY KEY AUTOINCREMENT NOT NULL, "name" varchar NOT NULL, "balance" decimal NOT NULL, "user_id" integer, "created_at" datetime(6) NOT NULL, "updated_at" datetime(6) NOT NULL)[0m
  [1m[35m (3.9ms)[0m  [1m[35mCREATE INDEX "index_accounts_on_user_id" ON "accounts" ("user_id")[0m
  [1m[36mActiveRecord::SchemaMigration Create (0.9ms)[0m  [1m[32mINSERT INTO "schema_migrations" ("version") VALUES (?)[0m  [["version", "20220816135024"]]
  [1m[36mTRANSACTION (3.6ms)[0m  [1m[36mcommit transaction[0m
  [1m[36mActiveRecord::InternalMetadata Load (0.7ms)[0m  [1m[34mSELECT "ar_internal_metadata".* FROM "ar_internal_metadata" WHERE "ar_internal_metadata"."key" = ? LIMIT ?[0m  [["key", "environment"], ["LIMIT", 1]]
  [1m[35m (0.2ms)[0m  [1m[34mSELECT sqlite_version(*)[0m
  [1m[35m (1.0ms)[0m  [1m[34mSELECT "schema_migrations"."version" FROM "schema_migrations" ORDER BY "schema_migrations"."version" ASC[0m
  [1m[35m (1.3ms)[0m  [1m[34mSELECT sqlite_version(*)[0m
  [1m[35m (0.5ms)[0m  [1m[34mSELECT "schema_migrations"."version" FROM "schema_migrations" ORDER BY "schema_migrations"."version" ASC[0m
  [1m[35m (0.3ms)[0m  [1m[34mSELECT sqlite_version(*)[0m
  [1m[36mTRANSACTION (0.2ms)[0m  [1m[36mbegin transaction[0m
  [1m[36mUser Create (3.7ms)[0m  [1m[32mINSERT INTO "users" ("name", "created_at", "updated_at") VALUES (?, ?, ?)[0m  [["name", "Alice"], ["created_at", "2022-08-16 14:05:17.324798"], ["updated_at", "2022-08-16 14:05:17.324798"]]
  [1m[36mTRANSACTION (4.3ms)[0m  [1m[36mcommit transaction[0m
  [1m[36mTRANSACTION (0.4ms)[0m  [1m[36mbegin transaction[0m
  [1m[36mAccount Create (2.5ms)[0m  [1m[32mINSERT INTO "accounts" ("name", "balance", "user_id", "created_at", "updated_at") VALUES (?, ?, ?, ?, ?)[0m  [["name", "A銀行"], ["balance", 2000.0], ["user_id", 3], ["created_at", "2022-08-16 14:05:17.607425"], ["updated_at", "2022-08-16 14:05:17.607425"]]
  [1m[36mTRANSACTION (4.2ms)[0m  [1m[36mcommit transaction[0m
  [1m[35m (2.0ms)[0m  [1m[34mSELECT sqlite_version(*)[0m
  [1m[36mUser Load (1.0ms)[0m  [1m[34mSELECT "users".* FROM "users" /* loading for inspect */ LIMIT ?[0m  [["LIMIT", 11]]
  [1m[36mUser Load (1.2ms)[0m  [1m[34mSELECT "users".* FROM "users" WHERE "users"."id" IN (?, ?) /* loading for inspect */ LIMIT ?[0m  [["id", 2], ["id", 3], ["LIMIT", 11]]
  [1m[36mUser Load (0.9ms)[0m  [1m[34mSELECT "users".* FROM "users" WHERE "users"."id" IN (?, ?)[0m  [["id", 2], ["id", 3]]
  [1m[36mTRANSACTION (0.6ms)[0m  [1m[36mbegin transaction[0m
  [1m[36mUser Destroy (2.4ms)[0m  [1m[31mDELETE FROM "users" WHERE "users"."id" = ?[0m  [["id", 2]]
  [1m[36mTRANSACTION (2.6ms)[0m  [1m[36mcommit transaction[0m
  [1m[36mTRANSACTION (0.2ms)[0m  [1m[36mbegin transaction[0m
  [1m[36mUser Destroy (1.9ms)[0m  [1m[31mDELETE FROM "users" WHERE "users"."id" = ?[0m  [["id", 3]]
  [1m[36mTRANSACTION (5.8ms)[0m  [1m[36mcommit transaction[0m
  [1m[36mUser Load (0.6ms)[0m  [1m[34mSELECT "users".* FROM "users" /* loading for inspect */ LIMIT ?[0m  [["LIMIT", 11]]
Started GET "/users/1" for ::1 at 2022-08-16 23:19:12 +0900
  [1m[35m (0.4ms)[0m  [1m[34mSELECT sqlite_version(*)[0m
  [1m[35m (1.2ms)[0m  [1m[34mSELECT "schema_migrations"."version" FROM "schema_migrations" ORDER BY "schema_migrations"."version" ASC[0m
  
ActiveRecord::PendingMigrationError (

Migrations are pending. To resolve this issue, run:

        bin/rails db:migrate RAILS_ENV=development

You have 0 pending migration:



):
  
activerecord (6.1.6.1) lib/active_record/migration.rb:625:in `check_pending!'
activerecord (6.1.6.1) lib/active_record/migration.rb:590:in `block (2 levels) in call'
activesupport (6.1.6.1) lib/active_support/evented_file_update_checker.rb:59:in `execute'
activesupport (6.1.6.1) lib/active_support/evented_file_update_checker.rb:65:in `execute_if_updated'
activerecord (6.1.6.1) lib/active_record/migration.rb:597:in `block in call'
activerecord (6.1.6.1) lib/active_record/migration.rb:587:in `synchronize'
activerecord (6.1.6.1) lib/active_record/migration.rb:587:in `call'
actionpack (6.1.6.1) lib/action_dispatch/middleware/callbacks.rb:27:in `block in call'
activesupport (6.1.6.1) lib/active_support/callbacks.rb:98:in `run_callbacks'
actionpack (6.1.6.1) lib/action_dispatch/middleware/callbacks.rb:26:in `call'
actionpack (6.1.6.1) lib/action_dispatch/middleware/executor.rb:14:in `call'
actionpack (6.1.6.1) lib/action_dispatch/middleware/actionable_exceptions.rb:18:in `call'
actionpack (6.1.6.1) lib/action_dispatch/middleware/debug_exceptions.rb:29:in `call'
actionpack (6.1.6.1) lib/action_dispatch/middleware/show_exceptions.rb:33:in `call'
railties (6.1.6.1) lib/rails/rack/logger.rb:37:in `call_app'
railties (6.1.6.1) lib/rails/rack/logger.rb:26:in `block in call'
activesupport (6.1.6.1) lib/active_support/tagged_logging.rb:99:in `block in tagged'
activesupport (6.1.6.1) lib/active_support/tagged_logging.rb:37:in `tagged'
activesupport (6.1.6.1) lib/active_support/tagged_logging.rb:99:in `tagged'
railties (6.1.6.1) lib/rails/rack/logger.rb:26:in `call'
actionpack (6.1.6.1) lib/action_dispatch/middleware/remote_ip.rb:81:in `call'
actionpack (6.1.6.1) lib/action_dispatch/middleware/request_id.rb:26:in `call'
rack (2.2.4) lib/rack/runtime.rb:22:in `call'
activesupport (6.1.6.1) lib/active_support/cache/strategy/local_cache_middleware.rb:29:in `call'
actionpack (6.1.6.1) lib/action_dispatch/middleware/executor.rb:14:in `call'
actionpack (6.1.6.1) lib/action_dispatch/middleware/static.rb:24:in `call'
rack (2.2.4) lib/rack/sendfile.rb:110:in `call'
actionpack (6.1.6.1) lib/action_dispatch/middleware/host_authorization.rb:148:in `call'
railties (6.1.6.1) lib/rails/engine.rb:539:in `call'
puma (5.6.4) lib/puma/configuration.rb:252:in `call'
puma (5.6.4) lib/puma/request.rb:77:in `block in handle_request'
puma (5.6.4) lib/puma/thread_pool.rb:340:in `with_force_shutdown'
puma (5.6.4) lib/puma/request.rb:76:in `handle_request'
puma (5.6.4) lib/puma/server.rb:441:in `process_client'
puma (5.6.4) lib/puma/thread_pool.rb:147:in `block in spawn_thread'
  [1m[35m (0.9ms)[0m  [1m[34mSELECT sqlite_version(*)[0m
  [1m[35m (0.5ms)[0m  [1m[34mSELECT "schema_migrations"."version" FROM "schema_migrations" ORDER BY "schema_migrations"."version" ASC[0m
  [1m[36mActiveRecord::InternalMetadata Load (0.5ms)[0m  [1m[34mSELECT "ar_internal_metadata".* FROM "ar_internal_metadata" WHERE "ar_internal_metadata"."key" = ? LIMIT ?[0m  [["key", "environment"], ["LIMIT", 1]]
  [1m[35m (0.2ms)[0m  [1m[34mSELECT sqlite_version(*)[0m
  [1m[35m (0.2ms)[0m  [1m[34mSELECT "schema_migrations"."version" FROM "schema_migrations" ORDER BY "schema_migrations"."version" ASC[0m
Started GET "/users/1" for ::1 at 2022-08-16 23:19:32 +0900
  [1m[35m (0.4ms)[0m  [1m[34mSELECT sqlite_version(*)[0m
  [1m[35m (0.4ms)[0m  [1m[34mSELECT "schema_migrations"."version" FROM "schema_migrations" ORDER BY "schema_migrations"."version" ASC[0m
  
AbstractController::ActionNotFound (The action 'show' could not be found for UsersController):
  
actionpack (6.1.6.1) lib/abstract_controller/base.rb:160:in `process'
actionpack (6.1.6.1) lib/action_controller/metal.rb:190:in `dispatch'
actionpack (6.1.6.1) lib/action_controller/metal.rb:254:in `dispatch'
actionpack (6.1.6.1) lib/action_dispatch/routing/route_set.rb:50:in `dispatch'
actionpack (6.1.6.1) lib/action_dispatch/routing/route_set.rb:33:in `serve'
actionpack (6.1.6.1) lib/action_dispatch/journey/router.rb:50:in `block in serve'
actionpack (6.1.6.1) lib/action_dispatch/journey/router.rb:32:in `each'
actionpack (6.1.6.1) lib/action_dispatch/journey/router.rb:32:in `serve'
actionpack (6.1.6.1) lib/action_dispatch/routing/route_set.rb:842:in `call'
rack (2.2.4) lib/rack/etag.rb:27:in `call'
rack (2.2.4) lib/rack/conditional_get.rb:27:in `call'
rack (2.2.4) lib/rack/head.rb:12:in `call'
activerecord (6.1.6.1) lib/active_record/migration.rb:601:in `call'
actionpack (6.1.6.1) lib/action_dispatch/middleware/callbacks.rb:27:in `block in call'
activesupport (6.1.6.1) lib/active_support/callbacks.rb:98:in `run_callbacks'
actionpack (6.1.6.1) lib/action_dispatch/middleware/callbacks.rb:26:in `call'
actionpack (6.1.6.1) lib/action_dispatch/middleware/executor.rb:14:in `call'
actionpack (6.1.6.1) lib/action_dispatch/middleware/actionable_exceptions.rb:18:in `call'
actionpack (6.1.6.1) lib/action_dispatch/middleware/debug_exceptions.rb:29:in `call'
actionpack (6.1.6.1) lib/action_dispatch/middleware/show_exceptions.rb:33:in `call'
railties (6.1.6.1) lib/rails/rack/logger.rb:37:in `call_app'
railties (6.1.6.1) lib/rails/rack/logger.rb:26:in `block in call'
activesupport (6.1.6.1) lib/active_support/tagged_logging.rb:99:in `block in tagged'
activesupport (6.1.6.1) lib/active_support/tagged_logging.rb:37:in `tagged'
activesupport (6.1.6.1) lib/active_support/tagged_logging.rb:99:in `tagged'
railties (6.1.6.1) lib/rails/rack/logger.rb:26:in `call'
actionpack (6.1.6.1) lib/action_dispatch/middleware/remote_ip.rb:81:in `call'
actionpack (6.1.6.1) lib/action_dispatch/middleware/request_id.rb:26:in `call'
rack (2.2.4) lib/rack/runtime.rb:22:in `call'
activesupport (6.1.6.1) lib/active_support/cache/strategy/local_cache_middleware.rb:29:in `call'
actionpack (6.1.6.1) lib/action_dispatch/middleware/executor.rb:14:in `call'
actionpack (6.1.6.1) lib/action_dispatch/middleware/static.rb:24:in `call'
rack (2.2.4) lib/rack/sendfile.rb:110:in `call'
actionpack (6.1.6.1) lib/action_dispatch/middleware/host_authorization.rb:148:in `call'
railties (6.1.6.1) lib/rails/engine.rb:539:in `call'
puma (5.6.4) lib/puma/configuration.rb:252:in `call'
puma (5.6.4) lib/puma/request.rb:77:in `block in handle_request'
puma (5.6.4) lib/puma/thread_pool.rb:340:in `with_force_shutdown'
puma (5.6.4) lib/puma/request.rb:76:in `handle_request'
puma (5.6.4) lib/puma/server.rb:441:in `process_client'
puma (5.6.4) lib/puma/thread_pool.rb:147:in `block in spawn_thread'
Started GET "/users/1" for ::1 at 2022-08-16 23:19:44 +0900
Processing by UsersController#show as HTML
  Parameters: {"id"=>"1"}
  [1m[35m (0.1ms)[0m  [1m[34mSELECT sqlite_version(*)[0m
  ↳ app/controllers/users_controller.rb:3:in `show'
  [1m[36mUser Load (2.2ms)[0m  [1m[34mSELECT "users".* FROM "users"[0m
  ↳ app/controllers/users_controller.rb:3:in `show'
  [1m[35m (0.8ms)[0m  [1m[34mSELECT "accounts"."id" FROM "accounts" WHERE "accounts"."user_id" = ?[0m  [["user_id", 1]]
  ↳ app/models/user.rb:8:in `as_json'
  [1m[36mCACHE User Load (0.0ms)[0m  [1m[34mSELECT "users".* FROM "users"[0m
  ↳ app/controllers/users_controller.rb:4:in `show'
  [1m[35mCACHE  (0.0ms)[0m  [1m[34mSELECT "accounts"."id" FROM "accounts" WHERE "accounts"."user_id" = ?[0m  [["user_id", 1]]
  ↳ app/models/user.rb:8:in `as_json'
Completed 500 Internal Server Error in 135ms (ActiveRecord: 6.9ms | Allocations: 10508)


  
ArgumentError (wrong number of arguments (given 1, expected 0)):
  
app/controllers/users_controller.rb:4:in `show'
Started GET "/users/1" for ::1 at 2022-08-16 23:20:50 +0900
  
SyntaxError (/Users/basavarajantarathan/Documents/my_projects/users/app/controllers/users_controller.rb:4: syntax error, unexpected ':', expecting '}'
    return render {status: 0, attributes: User.all.as_j...
                         ^
/Users/basavarajantarathan/Documents/my_projects/users/app/controllers/users_controller.rb:4: syntax error, unexpected '}', expecting end
..., attributes: User.all.as_json}
...                              ^
/Users/basavarajantarathan/Documents/my_projects/users/app/controllers/users_controller.rb:10: syntax error, unexpected end-of-input, expecting end):
  
app/controllers/users_controller.rb:4: syntax error, unexpected ':', expecting '}'
app/controllers/users_controller.rb:4: syntax error, unexpected '}', expecting end
app/controllers/users_controller.rb:10: syntax error, unexpected end-of-input, expecting end
app/controllers/users_controller.rb:4: syntax error, unexpected ':', expecting '}'
app/controllers/users_controller.rb:4: syntax error, unexpected '}', expecting end
app/controllers/users_controller.rb:10: syntax error, unexpected end-of-input, expecting end
Started GET "/users/1" for ::1 at 2022-08-16 23:22:22 +0900
Processing by UsersController#show as HTML
  Parameters: {"id"=>"1"}
  [1m[35m (0.1ms)[0m  [1m[34mSELECT sqlite_version(*)[0m
  ↳ app/controllers/users_controller.rb:3:in `show'
  [1m[36mUser Load (0.7ms)[0m  [1m[34mSELECT "users".* FROM "users"[0m
  ↳ app/controllers/users_controller.rb:3:in `show'
  [1m[35m (0.8ms)[0m  [1m[34mSELECT "accounts"."id" FROM "accounts" WHERE "accounts"."user_id" = ?[0m  [["user_id", 1]]
  ↳ app/models/user.rb:8:in `as_json'
  [1m[36mCACHE User Load (0.0ms)[0m  [1m[34mSELECT "users".* FROM "users"[0m
  ↳ app/controllers/users_controller.rb:4:in `show'
  [1m[35mCACHE  (0.0ms)[0m  [1m[34mSELECT "accounts"."id" FROM "accounts" WHERE "accounts"."user_id" = ?[0m  [["user_id", 1]]
  ↳ app/models/user.rb:8:in `as_json'
Completed 200 OK in 29ms (Views: 6.3ms | ActiveRecord: 2.9ms | Allocations: 7340)


Started GET "/users/1" for ::1 at 2022-08-16 23:23:25 +0900
Processing by UsersController#show as HTML
  Parameters: {"id"=>"1"}
  [1m[35m (0.1ms)[0m  [1m[34mSELECT sqlite_version(*)[0m
  ↳ app/controllers/users_controller.rb:3:in `show'
  [1m[36mUser Load (0.2ms)[0m  [1m[34mSELECT "users".* FROM "users" WHERE "users"."id" = ? LIMIT ?[0m  [["id", 1], ["LIMIT", 1]]
  ↳ app/controllers/users_controller.rb:3:in `show'
  [1m[35m (0.2ms)[0m  [1m[34mSELECT "accounts"."id" FROM "accounts" WHERE "accounts"."user_id" = ?[0m  [["user_id", 1]]
  ↳ app/models/user.rb:8:in `as_json'
  [1m[36mUser Load (0.3ms)[0m  [1m[34mSELECT "users".* FROM "users"[0m
  ↳ app/controllers/users_controller.rb:4:in `show'
  [1m[35mCACHE  (0.0ms)[0m  [1m[34mSELECT "accounts"."id" FROM "accounts" WHERE "accounts"."user_id" = ?[0m  [["user_id", 1]]
  ↳ app/models/user.rb:8:in `as_json'
Completed 200 OK in 20ms (Views: 0.2ms | ActiveRecord: 2.4ms | Allocations: 7414)


Started GET "/users/1" for ::1 at 2022-08-16 23:23:27 +0900
Processing by UsersController#show as HTML
  Parameters: {"id"=>"1"}
  [1m[36mUser Load (0.1ms)[0m  [1m[34mSELECT "users".* FROM "users" WHERE "users"."id" = ? LIMIT ?[0m  [["id", 1], ["LIMIT", 1]]
  ↳ app/controllers/users_controller.rb:3:in `show'
  [1m[35m (0.2ms)[0m  [1m[34mSELECT "accounts"."id" FROM "accounts" WHERE "accounts"."user_id" = ?[0m  [["user_id", 1]]
  ↳ app/models/user.rb:8:in `as_json'
  [1m[36mUser Load (0.2ms)[0m  [1m[34mSELECT "users".* FROM "users"[0m
  ↳ app/controllers/users_controller.rb:4:in `show'
  [1m[35mCACHE  (0.0ms)[0m  [1m[34mSELECT "accounts"."id" FROM "accounts" WHERE "accounts"."user_id" = ?[0m  [["user_id", 1]]
  ↳ app/models/user.rb:8:in `as_json'
Completed 200 OK in 6ms (Views: 0.2ms | ActiveRecord: 0.5ms | Allocations: 2039)


Started GET "/users/1" for ::1 at 2022-08-16 23:24:03 +0900
Processing by UsersController#show as HTML
  Parameters: {"id"=>"1"}
  [1m[35m (0.1ms)[0m  [1m[34mSELECT sqlite_version(*)[0m
  ↳ app/controllers/users_controller.rb:3:in `show'
  [1m[36mUser Load (0.5ms)[0m  [1m[34mSELECT "users".* FROM "users" WHERE "users"."id" = ? LIMIT ?[0m  [["id", 1], ["LIMIT", 1]]
  ↳ app/controllers/users_controller.rb:3:in `show'
  [1m[35m (0.3ms)[0m  [1m[34mSELECT "accounts"."id" FROM "accounts" WHERE "accounts"."user_id" = ?[0m  [["user_id", 1]]
  ↳ app/models/user.rb:8:in `as_json'
  [1m[36mUser Load (0.3ms)[0m  [1m[34mSELECT "users".* FROM "users"[0m
  ↳ app/controllers/users_controller.rb:4:in `show'
  [1m[35mCACHE  (0.0ms)[0m  [1m[34mSELECT "accounts"."id" FROM "accounts" WHERE "accounts"."user_id" = ?[0m  [["user_id", 1]]
  ↳ app/models/user.rb:8:in `as_json'
Completed 200 OK in 29ms (Views: 0.3ms | ActiveRecord: 3.7ms | Allocations: 7328)


Started GET "/users/1" for ::1 at 2022-08-16 23:24:04 +0900
Processing by UsersController#show as HTML
  Parameters: {"id"=>"1"}
  [1m[36mUser Load (0.3ms)[0m  [1m[34mSELECT "users".* FROM "users" WHERE "users"."id" = ? LIMIT ?[0m  [["id", 1], ["LIMIT", 1]]
  ↳ app/controllers/users_controller.rb:3:in `show'
  [1m[35m (0.2ms)[0m  [1m[34mSELECT "accounts"."id" FROM "accounts" WHERE "accounts"."user_id" = ?[0m  [["user_id", 1]]
  ↳ app/models/user.rb:8:in `as_json'
  [1m[36mUser Load (0.3ms)[0m  [1m[34mSELECT "users".* FROM "users"[0m
  ↳ app/controllers/users_controller.rb:4:in `show'
  [1m[35mCACHE  (0.0ms)[0m  [1m[34mSELECT "accounts"."id" FROM "accounts" WHERE "accounts"."user_id" = ?[0m  [["user_id", 1]]
  ↳ app/models/user.rb:8:in `as_json'
Completed 200 OK in 10ms (Views: 0.3ms | ActiveRecord: 0.8ms | Allocations: 2031)


Started GET "/users/1" for ::1 at 2022-08-16 23:24:40 +0900
Processing by UsersController#show as HTML
  Parameters: {"id"=>"1"}
  [1m[35m (0.1ms)[0m  [1m[34mSELECT sqlite_version(*)[0m
  ↳ app/controllers/users_controller.rb:3:in `show'
  [1m[36mUser Load (0.4ms)[0m  [1m[34mSELECT "users".* FROM "users" WHERE "users"."id" = ? LIMIT ?[0m  [["id", 1], ["LIMIT", 1]]
  ↳ app/controllers/users_controller.rb:3:in `show'
  [1m[35m (0.3ms)[0m  [1m[34mSELECT "accounts"."id" FROM "accounts" WHERE "accounts"."user_id" = ?[0m  [["user_id", 1]]
  ↳ app/models/user.rb:8:in `as_json'
Completed 200 OK in 23ms (Views: 0.4ms | ActiveRecord: 3.1ms | Allocations: 6351)


Started GET "/users/1" for ::1 at 2022-08-16 23:25:05 +0900
Processing by UsersController#show as HTML
  Parameters: {"id"=>"1"}
  [1m[35m (0.2ms)[0m  [1m[34mSELECT sqlite_version(*)[0m
  ↳ app/controllers/users_controller.rb:3:in `show'
  [1m[36mUser Load (0.6ms)[0m  [1m[34mSELECT "users".* FROM "users" WHERE "users"."id" = ? LIMIT ?[0m  [["id", 1], ["LIMIT", 1]]
  ↳ app/controllers/users_controller.rb:3:in `show'
  [1m[36mAccount Load (0.4ms)[0m  [1m[34mSELECT "accounts".* FROM "accounts" WHERE "accounts"."user_id" = ?[0m  [["user_id", 1]]
  ↳ app/controllers/users_controller.rb:4:in `show'
Completed 200 OK in 52ms (Views: 5.0ms | ActiveRecord: 3.5ms | Allocations: 6722)


Started GET "/users/1" for ::1 at 2022-08-16 23:25:06 +0900
Processing by UsersController#show as HTML
  Parameters: {"id"=>"1"}
  [1m[36mUser Load (0.2ms)[0m  [1m[34mSELECT "users".* FROM "users" WHERE "users"."id" = ? LIMIT ?[0m  [["id", 1], ["LIMIT", 1]]
  ↳ app/controllers/users_controller.rb:3:in `show'
  [1m[36mAccount Load (0.2ms)[0m  [1m[34mSELECT "accounts".* FROM "accounts" WHERE "accounts"."user_id" = ?[0m  [["user_id", 1]]
  ↳ app/controllers/users_controller.rb:4:in `show'
Completed 200 OK in 5ms (Views: 2.3ms | ActiveRecord: 0.4ms | Allocations: 1191)


  [1m[35m (1.0ms)[0m  [1m[34mSELECT sqlite_version(*)[0m
  [1m[36mAccount Load (0.6ms)[0m  [1m[34mSELECT "accounts".* FROM "accounts" /* loading for inspect */ LIMIT ?[0m  [["LIMIT", 11]]
  [1m[36mUser Load (0.4ms)[0m  [1m[34mSELECT "users".* FROM "users"[0m
  [1m[36mTRANSACTION (0.2ms)[0m  [1m[36mbegin transaction[0m
  [1m[36mUser Destroy (3.3ms)[0m  [1m[31mDELETE FROM "users" WHERE "users"."id" = ?[0m  [["id", 1]]
  [1m[36mTRANSACTION (1.4ms)[0m  [1m[36mcommit transaction[0m
  [1m[36mAccount Load (0.5ms)[0m  [1m[34mSELECT "accounts".* FROM "accounts"[0m
  [1m[36mTRANSACTION (0.1ms)[0m  [1m[36mbegin transaction[0m
  [1m[36mAccount Destroy (0.9ms)[0m  [1m[31mDELETE FROM "accounts" WHERE "accounts"."id" = ?[0m  [["id", 1]]
  [1m[36mTRANSACTION (1.4ms)[0m  [1m[36mcommit transaction[0m
  [1m[35m (0.6ms)[0m  [1m[34mSELECT sqlite_version(*)[0m
  [1m[35m (0.5ms)[0m  [1m[34mSELECT "schema_migrations"."version" FROM "schema_migrations" ORDER BY "schema_migrations"."version" ASC[0m
  [1m[35m (0.1ms)[0m  [1m[34mSELECT sqlite_version(*)[0m
  [1m[36mTRANSACTION (0.1ms)[0m  [1m[36mbegin transaction[0m
  [1m[36mUser Create (0.8ms)[0m  [1m[32mINSERT INTO "users" ("name", "created_at", "updated_at") VALUES (?, ?, ?)[0m  [["name", "Alice"], ["created_at", "2022-08-16 14:26:25.659510"], ["updated_at", "2022-08-16 14:26:25.659510"]]
  [1m[36mTRANSACTION (0.5ms)[0m  [1m[36mcommit transaction[0m
  [1m[36mTRANSACTION (0.1ms)[0m  [1m[36mbegin transaction[0m
  [1m[36mAccount Create (0.5ms)[0m  [1m[32mINSERT INTO "accounts" ("name", "balance", "user_id", "created_at", "updated_at") VALUES (?, ?, ?, ?, ?)[0m  [["name", "A銀行"], ["balance", 2000.0], ["user_id", 4], ["created_at", "2022-08-16 14:26:25.678624"], ["updated_at", "2022-08-16 14:26:25.678624"]]
  [1m[36mTRANSACTION (0.9ms)[0m  [1m[36mcommit transaction[0m
Started GET "/users/1" for ::1 at 2022-08-16 23:26:31 +0900
Processing by UsersController#show as HTML
  Parameters: {"id"=>"1"}
  [1m[36mUser Load (0.2ms)[0m  [1m[34mSELECT "users".* FROM "users" WHERE "users"."id" = ? LIMIT ?[0m  [["id", 1], ["LIMIT", 1]]
  ↳ app/controllers/users_controller.rb:3:in `show'
Completed 200 OK in 2ms (Views: 0.2ms | ActiveRecord: 0.2ms | Allocations: 485)


Started GET "/users/4" for ::1 at 2022-08-16 23:26:39 +0900
Processing by UsersController#show as HTML
  Parameters: {"id"=>"4"}
  [1m[36mUser Load (0.3ms)[0m  [1m[34mSELECT "users".* FROM "users" WHERE "users"."id" = ? LIMIT ?[0m  [["id", 4], ["LIMIT", 1]]
  ↳ app/controllers/users_controller.rb:3:in `show'
  [1m[36mAccount Load (0.4ms)[0m  [1m[34mSELECT "accounts".* FROM "accounts" WHERE "accounts"."user_id" = ?[0m  [["user_id", 4]]
  ↳ app/controllers/users_controller.rb:4:in `show'
Completed 200 OK in 41ms (Views: 37.7ms | ActiveRecord: 1.4ms | Allocations: 6892)


Started GET "/users/4" for ::1 at 2022-08-16 23:27:06 +0900
Processing by UsersController#show as HTML
  Parameters: {"id"=>"4"}
  [1m[35m (0.1ms)[0m  [1m[34mSELECT sqlite_version(*)[0m
  ↳ app/controllers/users_controller.rb:3:in `show'
  [1m[36mUser Load (0.1ms)[0m  [1m[34mSELECT "users".* FROM "users" WHERE "users"."id" = ? LIMIT ?[0m  [["id", 4], ["LIMIT", 1]]
  ↳ app/controllers/users_controller.rb:3:in `show'
  [1m[35m (0.1ms)[0m  [1m[34mSELECT "accounts"."id" FROM "accounts" WHERE "accounts"."user_id" = ?[0m  [["user_id", 4]]
  ↳ app/models/user.rb:8:in `as_json'
Completed 200 OK in 15ms (Views: 0.2ms | ActiveRecord: 1.4ms | Allocations: 6411)


  [1m[35m (0.9ms)[0m  [1m[34mSELECT sqlite_version(*)[0m
  [1m[36mUser Load (0.2ms)[0m  [1m[34mSELECT "users".* FROM "users"[0m
  [1m[36mTRANSACTION (0.1ms)[0m  [1m[36mbegin transaction[0m
  [1m[36mAccount Load (0.2ms)[0m  [1m[34mSELECT "accounts".* FROM "accounts" WHERE "accounts"."user_id" = ?[0m  [["user_id", 4]]
  [1m[36mAccount Destroy (0.7ms)[0m  [1m[31mDELETE FROM "accounts" WHERE "accounts"."id" = ?[0m  [["id", 2]]
  [1m[36mUser Destroy (0.2ms)[0m  [1m[31mDELETE FROM "users" WHERE "users"."id" = ?[0m  [["id", 4]]
  [1m[36mTRANSACTION (1.3ms)[0m  [1m[36mcommit transaction[0m
  [1m[36mUser Load (0.2ms)[0m  [1m[34mSELECT "users".* FROM "users"[0m
  [1m[35m (0.7ms)[0m  [1m[34mSELECT sqlite_version(*)[0m
  [1m[35m (0.2ms)[0m  [1m[34mSELECT "schema_migrations"."version" FROM "schema_migrations" ORDER BY "schema_migrations"."version" ASC[0m
  [1m[35m (0.1ms)[0m  [1m[34mSELECT sqlite_version(*)[0m
  [1m[36mTRANSACTION (0.3ms)[0m  [1m[36mbegin transaction[0m
  [1m[36mUser Create (0.7ms)[0m  [1m[32mINSERT INTO "users" ("name", "created_at", "updated_at") VALUES (?, ?, ?)[0m  [["name", "Alice"], ["created_at", "2022-08-16 14:28:53.169981"], ["updated_at", "2022-08-16 14:28:53.169981"]]
  [1m[36mTRANSACTION (0.6ms)[0m  [1m[36mcommit transaction[0m
  [1m[35m (0.6ms)[0m  [1m[34mSELECT sqlite_version(*)[0m
  [1m[35m (0.1ms)[0m  [1m[34mSELECT "schema_migrations"."version" FROM "schema_migrations" ORDER BY "schema_migrations"."version" ASC[0m
  [1m[35m (0.1ms)[0m  [1m[34mSELECT sqlite_version(*)[0m
  [1m[36mTRANSACTION (0.1ms)[0m  [1m[36mbegin transaction[0m
  [1m[36mUser Create (0.6ms)[0m  [1m[32mINSERT INTO "users" ("name", "created_at", "updated_at") VALUES (?, ?, ?)[0m  [["name", "Alice"], ["created_at", "2022-08-16 14:30:51.051173"], ["updated_at", "2022-08-16 14:30:51.051173"]]
  [1m[36mTRANSACTION (0.8ms)[0m  [1m[36mcommit transaction[0m
  [1m[36mTRANSACTION (0.0ms)[0m  [1m[36mbegin transaction[0m
  [1m[36mAccount Create (0.4ms)[0m  [1m[32mINSERT INTO "accounts" ("name", "balance", "user_id", "created_at", "updated_at") VALUES (?, ?, ?, ?, ?)[0m  [["name", "A銀行"], ["balance", 2000.0], ["user_id", 6], ["created_at", "2022-08-16 14:30:51.071298"], ["updated_at", "2022-08-16 14:30:51.071298"]]
  [1m[36mTRANSACTION (1.3ms)[0m  [1m[36mcommit transaction[0m
  [1m[36mTRANSACTION (0.1ms)[0m  [1m[36mbegin transaction[0m
  [1m[36mAccount Create (0.5ms)[0m  [1m[32mINSERT INTO "accounts" ("name", "balance", "user_id", "created_at", "updated_at") VALUES (?, ?, ?, ?, ?)[0m  [["name", "Bカード"], ["balance", 200.0], ["user_id", 6], ["created_at", "2022-08-16 14:30:51.077089"], ["updated_at", "2022-08-16 14:30:51.077089"]]
  [1m[36mTRANSACTION (1.0ms)[0m  [1m[36mcommit transaction[0m
  [1m[36mTRANSACTION (0.1ms)[0m  [1m[36mbegin transaction[0m
  [1m[36mAccount Create (0.7ms)[0m  [1m[32mINSERT INTO "accounts" ("name", "balance", "user_id", "created_at", "updated_at") VALUES (?, ?, ?, ?, ?)[0m  [["name", "C信用金庫"], ["balance", 120000.0], ["user_id", 6], ["created_at", "2022-08-16 14:30:51.081819"], ["updated_at", "2022-08-16 14:30:51.081819"]]
  [1m[36mTRANSACTION (0.8ms)[0m  [1m[36mcommit transaction[0m
  [1m[36mTRANSACTION (0.1ms)[0m  [1m[36mbegin transaction[0m
  [1m[36mAccount Create (0.8ms)[0m  [1m[32mINSERT INTO "accounts" ("name", "balance", "user_id", "created_at", "updated_at") VALUES (?, ?, ?, ?, ?)[0m  [["name", "E銀行"], ["balance", 5000.0], ["user_id", 6], ["created_at", "2022-08-16 14:30:51.087780"], ["updated_at", "2022-08-16 14:30:51.087780"]]
  [1m[36mTRANSACTION (0.9ms)[0m  [1m[36mcommit transaction[0m
  [1m[35m (0.5ms)[0m  [1m[34mSELECT sqlite_version(*)[0m
  [1m[36mUser Load (0.2ms)[0m  [1m[34mSELECT "users".* FROM "users"[0m
  [1m[36mTRANSACTION (0.1ms)[0m  [1m[36mbegin transaction[0m
  [1m[36mAccount Load (0.1ms)[0m  [1m[34mSELECT "accounts".* FROM "accounts" WHERE "accounts"."user_id" = ?[0m  [["user_id", 5]]
  [1m[36mUser Destroy (0.6ms)[0m  [1m[31mDELETE FROM "users" WHERE "users"."id" = ?[0m  [["id", 5]]
  [1m[36mTRANSACTION (1.1ms)[0m  [1m[36mcommit transaction[0m
  [1m[36mTRANSACTION (0.0ms)[0m  [1m[36mbegin transaction[0m
  [1m[36mAccount Load (0.2ms)[0m  [1m[34mSELECT "accounts".* FROM "accounts" WHERE "accounts"."user_id" = ?[0m  [["user_id", 6]]
  [1m[36mAccount Destroy (0.5ms)[0m  [1m[31mDELETE FROM "accounts" WHERE "accounts"."id" = ?[0m  [["id", 3]]
  [1m[36mAccount Destroy (0.1ms)[0m  [1m[31mDELETE FROM "accounts" WHERE "accounts"."id" = ?[0m  [["id", 4]]
  [1m[36mAccount Destroy (0.1ms)[0m  [1m[31mDELETE FROM "accounts" WHERE "accounts"."id" = ?[0m  [["id", 5]]
  [1m[36mAccount Destroy (0.2ms)[0m  [1m[31mDELETE FROM "accounts" WHERE "accounts"."id" = ?[0m  [["id", 6]]
  [1m[36mUser Destroy (0.3ms)[0m  [1m[31mDELETE FROM "users" WHERE "users"."id" = ?[0m  [["id", 6]]
  [1m[36mTRANSACTION (1.2ms)[0m  [1m[36mcommit transaction[0m
  [1m[35m (0.7ms)[0m  [1m[34mSELECT sqlite_version(*)[0m
  [1m[35m (0.2ms)[0m  [1m[34mSELECT "schema_migrations"."version" FROM "schema_migrations" ORDER BY "schema_migrations"."version" ASC[0m
  [1m[35m (0.2ms)[0m  [1m[34mSELECT sqlite_version(*)[0m
  [1m[36mTRANSACTION (0.1ms)[0m  [1m[36mbegin transaction[0m
  [1m[36mUser Create (0.9ms)[0m  [1m[32mINSERT INTO "users" ("name", "created_at", "updated_at") VALUES (?, ?, ?)[0m  [["name", "Alice"], ["created_at", "2022-08-16 14:31:17.815901"], ["updated_at", "2022-08-16 14:31:17.815901"]]
  [1m[36mTRANSACTION (1.2ms)[0m  [1m[36mcommit transaction[0m
  [1m[36mTRANSACTION (0.1ms)[0m  [1m[36mbegin transaction[0m
  [1m[36mAccount Create (0.6ms)[0m  [1m[32mINSERT INTO "accounts" ("name", "balance", "user_id", "created_at", "updated_at") VALUES (?, ?, ?, ?, ?)[0m  [["name", "A銀行"], ["balance", 2000.0], ["user_id", 7], ["created_at", "2022-08-16 14:31:17.839788"], ["updated_at", "2022-08-16 14:31:17.839788"]]
  [1m[36mTRANSACTION (1.2ms)[0m  [1m[36mcommit transaction[0m
  [1m[36mTRANSACTION (0.0ms)[0m  [1m[36mbegin transaction[0m
  [1m[36mAccount Create (0.5ms)[0m  [1m[32mINSERT INTO "accounts" ("name", "balance", "user_id", "created_at", "updated_at") VALUES (?, ?, ?, ?, ?)[0m  [["name", "Bカード"], ["balance", 200.0], ["user_id", 7], ["created_at", "2022-08-16 14:31:17.846794"], ["updated_at", "2022-08-16 14:31:17.846794"]]
  [1m[36mTRANSACTION (1.4ms)[0m  [1m[36mcommit transaction[0m
  [1m[36mTRANSACTION (0.0ms)[0m  [1m[36mbegin transaction[0m
  [1m[36mAccount Create (0.6ms)[0m  [1m[32mINSERT INTO "accounts" ("name", "balance", "user_id", "created_at", "updated_at") VALUES (?, ?, ?, ?, ?)[0m  [["name", "C信用金庫"], ["balance", 120000.0], ["user_id", 7], ["created_at", "2022-08-16 14:31:17.851840"], ["updated_at", "2022-08-16 14:31:17.851840"]]
  [1m[36mTRANSACTION (1.3ms)[0m  [1m[36mcommit transaction[0m
  [1m[36mTRANSACTION (0.0ms)[0m  [1m[36mbegin transaction[0m
  [1m[36mAccount Create (0.5ms)[0m  [1m[32mINSERT INTO "accounts" ("name", "balance", "user_id", "created_at", "updated_at") VALUES (?, ?, ?, ?, ?)[0m  [["name", "E銀行"], ["balance", 5000.0], ["user_id", 7], ["created_at", "2022-08-16 14:31:17.856969"], ["updated_at", "2022-08-16 14:31:17.856969"]]
  [1m[36mTRANSACTION (1.2ms)[0m  [1m[36mcommit transaction[0m
  [1m[35m (0.8ms)[0m  [1m[34mSELECT sqlite_version(*)[0m
  [1m[36mUser Load (0.2ms)[0m  [1m[34mSELECT "users".* FROM "users" /* loading for inspect */ LIMIT ?[0m  [["LIMIT", 11]]
Started GET "/users/7" for ::1 at 2022-08-16 23:31:36 +0900
Processing by UsersController#show as HTML
  Parameters: {"id"=>"7"}
  [1m[35m (0.1ms)[0m  [1m[34mSELECT sqlite_version(*)[0m
  ↳ app/controllers/users_controller.rb:3:in `show'
  [1m[36mUser Load (0.2ms)[0m  [1m[34mSELECT "users".* FROM "users" WHERE "users"."id" = ? LIMIT ?[0m  [["id", 7], ["LIMIT", 1]]
  ↳ app/controllers/users_controller.rb:3:in `show'
  [1m[35m (0.3ms)[0m  [1m[34mSELECT "accounts"."id" FROM "accounts" WHERE "accounts"."user_id" = ?[0m  [["user_id", 7]]
  ↳ app/models/user.rb:8:in `as_json'
Completed 200 OK in 16ms (Views: 0.2ms | ActiveRecord: 2.1ms | Allocations: 6439)


Started GET "/users/71" for ::1 at 2022-08-16 23:32:13 +0900
Processing by UsersController#show as HTML
  Parameters: {"id"=>"71"}
  [1m[35m (0.1ms)[0m  [1m[34mSELECT sqlite_version(*)[0m
  ↳ app/controllers/users_controller.rb:4:in `show'
  [1m[36mUser Load (0.3ms)[0m  [1m[34mSELECT "users".* FROM "users" WHERE "users"."id" = ? LIMIT ?[0m  [["id", 71], ["LIMIT", 1]]
  ↳ app/controllers/users_controller.rb:4:in `show'
Completed 200 OK in 9ms (Views: 0.6ms | ActiveRecord: 1.2ms | Allocations: 2504)


Started GET "/users/71" for ::1 at 2022-08-16 23:43:14 +0900
Processing by UsersController#show as HTML
  Parameters: {"id"=>"71"}
Completed 500 Internal Server Error in 6ms (Allocations: 1554)


  
NameError (uninitialized constant UsersController::UserInfo):
  
app/controllers/users_controller.rb:4:in `show'
Started GET "/users/71" for ::1 at 2022-08-16 23:43:26 +0900
Processing by UsersController#show as HTML
  Parameters: {"id"=>"71"}
Completed 500 Internal Server Error in 3ms (Allocations: 1395)


  
NameError (uninitialized constant UserInfo
Did you mean?  Users):
  
app/controllers/users_controller.rb:4:in `show'
Started GET "/users/71" for ::1 at 2022-08-16 23:44:43 +0900
Processing by UsersController#show as HTML
  Parameters: {"id"=>"71"}
Completed 500 Internal Server Error in 4ms (Allocations: 1381)


  
NameError (uninitialized constant UserInfo
Did you mean?  Users):
  
app/controllers/users_controller.rb:4:in `show'
Started GET "/users/71" for ::1 at 2022-08-16 23:45:01 +0900
  [1m[35m (1.4ms)[0m  [1m[34mSELECT sqlite_version(*)[0m
  [1m[35m (0.3ms)[0m  [1m[34mSELECT "schema_migrations"."version" FROM "schema_migrations" ORDER BY "schema_migrations"."version" ASC[0m
Processing by UsersController#show as HTML
  Parameters: {"id"=>"71"}
Completed 500 Internal Server Error in 37ms (ActiveRecord: 0.0ms | Allocations: 3607)


  
NoMethodError (undefined method `attr_accesor' for UserInfo:Class
Did you mean?  attr_accessor
               mattr_accessor
               cattr_accessor):
  
app/services/user_info.rb:2:in `<class:UserInfo>'
app/services/user_info.rb:1:in `<main>'
app/controllers/users_controller.rb:4:in `show'
Started GET "/users/71" for ::1 at 2022-08-16 23:45:03 +0900
Processing by UsersController#show as HTML
  Parameters: {"id"=>"71"}
Completed 500 Internal Server Error in 6ms (ActiveRecord: 0.0ms | Allocations: 1209)


  
NoMethodError (undefined method `attr_accesor' for UserInfo:Class
Did you mean?  attr_accessor
               mattr_accessor
               cattr_accessor):
  
app/services/user_info.rb:2:in `<class:UserInfo>'
app/services/user_info.rb:1:in `<main>'
app/controllers/users_controller.rb:4:in `show'
Started GET "/users/71" for ::1 at 2022-08-16 23:45:18 +0900
Processing by UsersController#show as HTML
  Parameters: {"id"=>"71"}
  [1m[35m (0.1ms)[0m  [1m[34mSELECT sqlite_version(*)[0m
  ↳ app/services/user_info.rb:9:in `get_user_info'
  [1m[36mUser Load (0.2ms)[0m  [1m[34mSELECT "users".* FROM "users" WHERE "users"."id" = ? LIMIT ?[0m  [["id", 71], ["LIMIT", 1]]
  ↳ app/services/user_info.rb:9:in `get_user_info'
Completed 404 Not Found in 14ms (Views: 0.2ms | ActiveRecord: 0.9ms | Allocations: 3954)


Started GET "/users/7" for ::1 at 2022-08-16 23:45:24 +0900
Processing by UsersController#show as HTML
  Parameters: {"id"=>"7"}
  [1m[36mUser Load (0.2ms)[0m  [1m[34mSELECT "users".* FROM "users" WHERE "users"."id" = ? LIMIT ?[0m  [["id", 7], ["LIMIT", 1]]
  ↳ app/services/user_info.rb:9:in `get_user_info'
  [1m[35m (0.3ms)[0m  [1m[34mSELECT "accounts"."id" FROM "accounts" WHERE "accounts"."user_id" = ?[0m  [["user_id", 7]]
  ↳ app/models/user.rb:8:in `as_json'
Completed 200 OK in 33ms (Views: 0.4ms | ActiveRecord: 1.9ms | Allocations: 6671)


Started GET "/users/7" for ::1 at 2022-08-16 23:45:43 +0900
Processing by UsersController#show as HTML
  Parameters: {"id"=>"7"}
Completed 422 Unprocessable Entity in 2ms (Views: 0.2ms | Allocations: 319)


Started GET "/users/7/accounts" for ::1 at 2022-08-16 23:53:54 +0900
Processing by UsersController#accounts as HTML
  Parameters: {"id"=>"7"}
Completed 500 Internal Server Error in 3ms (Allocations: 706)


  
NoMethodError (undefined method `[]' for nil:NilClass):
  
app/controllers/users_controller.rb:10:in `accounts'
Started GET "/users/7/accounts" for ::1 at 2022-08-16 23:54:21 +0900
Processing by UsersController#accounts as HTML
  Parameters: {"id"=>"7"}
  [1m[35m (0.1ms)[0m  [1m[34mSELECT sqlite_version(*)[0m
  ↳ app/services/user_info.rb:20:in `get_accounts'
  [1m[36mAccount Load (1.1ms)[0m  [1m[34mSELECT "accounts".* FROM "accounts" WHERE "accounts"."id" = ? LIMIT ?[0m  [["id", 7], ["LIMIT", 1]]
  ↳ app/services/user_info.rb:20:in `get_accounts'
Completed 200 OK in 26ms (Views: 0.6ms | ActiveRecord: 3.1ms | Allocations: 5460)


Started GET "/users/7/accounts" for ::1 at 2022-08-16 23:54:54 +0900
Processing by UsersController#accounts as HTML
  Parameters: {"id"=>"7"}
  [1m[35m (0.1ms)[0m  [1m[34mSELECT sqlite_version(*)[0m
  ↳ app/services/user_info.rb:20:in `get_accounts'
  [1m[36mAccount Load (1.0ms)[0m  [1m[34mSELECT "accounts".* FROM "accounts" WHERE "accounts"."user_id" = ?[0m  [["user_id", 7]]
  ↳ app/services/user_info.rb:22:in `get_accounts'
Completed 200 OK in 19ms (Views: 0.4ms | ActiveRecord: 2.9ms | Allocations: 5425)


Started GET "/users/7/accounts" for ::1 at 2022-08-16 23:56:42 +0900
Processing by UsersController#accounts as HTML
  Parameters: {"id"=>"7"}
  [1m[35m (0.1ms)[0m  [1m[34mSELECT sqlite_version(*)[0m
  ↳ app/services/user_info.rb:20:in `get_accounts'
  [1m[36mAccount Load (0.7ms)[0m  [1m[34mSELECT "accounts".* FROM "accounts" WHERE "accounts"."user_id" = ?[0m  [["user_id", 7]]
  ↳ app/services/user_info.rb:22:in `get_accounts'
Completed 422 Unprocessable Entity in 13ms (Views: 0.2ms | ActiveRecord: 1.6ms | Allocations: 5295)


Started GET "/users/7/accounts" for ::1 at 2022-08-16 23:56:53 +0900
Processing by UsersController#accounts as HTML
  Parameters: {"id"=>"7"}
  [1m[35m (0.1ms)[0m  [1m[34mSELECT sqlite_version(*)[0m
  ↳ app/services/user_info.rb:20:in `get_accounts'
  [1m[36mAccount Load (0.1ms)[0m  [1m[34mSELECT "accounts".* FROM "accounts" WHERE "accounts"."user_id" = ?[0m  [["user_id", 7]]
  ↳ app/services/user_info.rb:22:in `get_accounts'
Completed 422 Unprocessable Entity in 14ms (Views: 0.3ms | ActiveRecord: 0.9ms | Allocations: 5333)


Started GET "/users/7/accounts" for ::1 at 2022-08-16 23:56:54 +0900
Processing by UsersController#accounts as HTML
  Parameters: {"id"=>"7"}
  [1m[36mAccount Load (0.3ms)[0m  [1m[34mSELECT "accounts".* FROM "accounts" WHERE "accounts"."user_id" = ?[0m  [["user_id", 7]]
  ↳ app/services/user_info.rb:22:in `get_accounts'
Completed 422 Unprocessable Entity in 4ms (Views: 0.4ms | ActiveRecord: 0.3ms | Allocations: 645)


Started GET "/users/7/accounts" for ::1 at 2022-08-16 23:57:24 +0900
Processing by UsersController#accounts as HTML
  Parameters: {"id"=>"7"}
  [1m[35m (0.1ms)[0m  [1m[34mSELECT sqlite_version(*)[0m
  ↳ app/services/user_info.rb:20:in `get_accounts'
  [1m[36mAccount Load (0.4ms)[0m  [1m[34mSELECT "accounts".* FROM "accounts" WHERE "accounts"."user_id" = ?[0m  [["user_id", 7]]
  ↳ app/services/user_info.rb:22:in `get_accounts'
Completed 422 Unprocessable Entity in 11ms (Views: 0.1ms | ActiveRecord: 1.5ms | Allocations: 5224)


Started GET "/users/7/accounts" for ::1 at 2022-08-16 23:57:43 +0900
Processing by UsersController#accounts as HTML
  Parameters: {"id"=>"7"}
  [1m[35m (0.1ms)[0m  [1m[34mSELECT sqlite_version(*)[0m
  ↳ app/services/user_info.rb:20:in `get_accounts'
  [1m[36mAccount Load (0.2ms)[0m  [1m[34mSELECT "accounts".* FROM "accounts" WHERE "accounts"."user_id" = ?[0m  [["user_id", 7]]
  ↳ app/services/user_info.rb:22:in `get_accounts'
Completed 200 OK in 18ms (Views: 0.2ms | ActiveRecord: 1.3ms | Allocations: 5422)


Started GET "/users/7/accounts" for ::1 at 2022-08-16 23:58:28 +0900
Processing by UsersController#accounts as HTML
  Parameters: {"id"=>"7"}
  [1m[35m (0.1ms)[0m  [1m[34mSELECT sqlite_version(*)[0m
  ↳ app/services/user_info.rb:20:in `get_accounts'
  [1m[36mAccount Load (0.1ms)[0m  [1m[34mSELECT "accounts".* FROM "accounts" WHERE "accounts"."user_id" = ?[0m  [["user_id", 7]]
  ↳ app/services/user_info.rb:22:in `get_accounts'
Completed 200 OK in 13ms (Views: 0.3ms | ActiveRecord: 1.1ms | Allocations: 5468)


Started GET "/users/7/accounts" for ::1 at 2022-08-16 23:59:23 +0900
Processing by UsersController#accounts as HTML
  Parameters: {"id"=>"7"}
  [1m[35m (0.1ms)[0m  [1m[34mSELECT sqlite_version(*)[0m
  ↳ app/services/user_info.rb:20:in `get_accounts'
  [1m[36mAccount Load (0.2ms)[0m  [1m[34mSELECT "accounts".* FROM "accounts" WHERE "accounts"."user_id" = ?[0m  [["user_id", 7]]
  ↳ app/services/user_info.rb:22:in `get_accounts'
Completed 200 OK in 40ms (Views: 0.4ms | ActiveRecord: 1.2ms | Allocations: 5466)


Started GET "/users/7" for ::1 at 2022-08-16 23:59:27 +0900
Processing by UsersController#show as HTML
  Parameters: {"id"=>"7"}
  [1m[36mUser Load (0.9ms)[0m  [1m[34mSELECT "users".* FROM "users" WHERE "users"."id" = ? LIMIT ?[0m  [["id", 7], ["LIMIT", 1]]
  ↳ app/services/user_info.rb:10:in `get_user_info'
  [1m[35m (0.5ms)[0m  [1m[34mSELECT "accounts"."id" FROM "accounts" WHERE "accounts"."user_id" = ?[0m  [["user_id", 7]]
  ↳ app/models/user.rb:8:in `as_json'
Completed 200 OK in 21ms (Views: 0.4ms | ActiveRecord: 2.3ms | Allocations: 4827)


Started GET "/users/7" for ::1 at 2022-08-17 00:00:05 +0900
Processing by UsersController#show as HTML
  Parameters: {"id"=>"7"}
  [1m[35m (0.1ms)[0m  [1m[34mSELECT sqlite_version(*)[0m
  ↳ app/services/user_info.rb:10:in `get_user_info'
  [1m[36mUser Load (0.7ms)[0m  [1m[34mSELECT "users".* FROM "users" WHERE "users"."id" = ? LIMIT ?[0m  [["id", 7], ["LIMIT", 1]]
  ↳ app/services/user_info.rb:10:in `get_user_info'
  [1m[35m (0.1ms)[0m  [1m[34mSELECT "accounts"."id" FROM "accounts" WHERE "accounts"."user_id" = ?[0m  [["user_id", 7]]
  ↳ app/models/user.rb:9:in `as_json'
Completed 200 OK in 19ms (Views: 0.3ms | ActiveRecord: 2.2ms | Allocations: 6662)


Started GET "/users/7" for ::1 at 2022-08-17 00:00:32 +0900
Processing by UsersController#show as HTML
  Parameters: {"id"=>"7"}
  [1m[35m (0.1ms)[0m  [1m[34mSELECT sqlite_version(*)[0m
  ↳ app/services/user_info.rb:10:in `get_user_info'
  [1m[36mUser Load (0.4ms)[0m  [1m[34mSELECT "users".* FROM "users" WHERE "users"."id" = ? LIMIT ?[0m  [["id", 7], ["LIMIT", 1]]
  ↳ app/services/user_info.rb:10:in `get_user_info'
  [1m[35m (0.3ms)[0m  [1m[34mSELECT "accounts"."id" FROM "accounts" WHERE "accounts"."user_id" = ?[0m  [["user_id", 7]]
  ↳ app/models/user.rb:9:in `as_json'
Completed 200 OK in 18ms (Views: 0.4ms | ActiveRecord: 2.8ms | Allocations: 6529)


Started GET "/users/7/accounts" for ::1 at 2022-08-17 00:00:43 +0900
Processing by UsersController#accounts as HTML
  Parameters: {"id"=>"7"}
  [1m[36mAccount Load (0.4ms)[0m  [1m[34mSELECT "accounts".* FROM "accounts" WHERE "accounts"."user_id" = ?[0m  [["user_id", 7]]
  ↳ app/services/user_info.rb:22:in `get_accounts'
Completed 200 OK in 13ms (Views: 0.9ms | ActiveRecord: 1.0ms | Allocations: 3569)


Started GET "/" for ::1 at 2022-08-17 00:04:35 +0900
Processing by Rails::WelcomeController#index as HTML
  Rendering /Library/Ruby/Gems/2.6.0/gems/railties-6.1.6.1/lib/rails/templates/rails/welcome/index.html.erb
  Rendered /Library/Ruby/Gems/2.6.0/gems/railties-6.1.6.1/lib/rails/templates/rails/welcome/index.html.erb (Duration: 9.2ms | Allocations: 201)
Completed 200 OK in 24ms (Views: 10.9ms | Allocations: 1707)


Started GET "/accounts/a" for ::1 at 2022-08-17 00:04:45 +0900
Processing by AccountsController#show as HTML
  Parameters: {"id"=>"a"}
Completed 500 Internal Server Error in 8ms (Allocations: 362)


  
Zeitwerk::NameError (expected file /Users/basavarajantarathan/Documents/my_projects/users/app/services/account_info.rb to define constant AccountInfo, but didn't):
  
app/controllers/accounts_controller.rb:3:in `show'
Started GET "/accounts/a" for ::1 at 2022-08-17 00:04:48 +0900
Processing by AccountsController#show as HTML
  Parameters: {"id"=>"a"}
Completed 500 Internal Server Error in 8ms (Allocations: 1537)


  
NameError (uninitialized constant AccountsController::AccountInfo):
  
app/controllers/accounts_controller.rb:3:in `show'
Started GET "/accounts/1" for ::1 at 2022-08-17 00:04:52 +0900
Processing by AccountsController#show as HTML
  Parameters: {"id"=>"1"}
Completed 500 Internal Server Error in 6ms (Allocations: 1532)


  
NameError (uninitialized constant AccountsController::AccountInfo):
  
app/controllers/accounts_controller.rb:3:in `show'
Started GET "/accounts/1" for ::1 at 2022-08-17 00:05:20 +0900
Processing by AccountsController#show as HTML
  Parameters: {"id"=>"1"}
  [1m[35m (0.1ms)[0m  [1m[34mSELECT sqlite_version(*)[0m
  ↳ app/services/account_info.rb:10:in `get_account_info'
  [1m[36mAccount Load (0.2ms)[0m  [1m[34mSELECT "accounts".* FROM "accounts" WHERE "accounts"."id" = ? LIMIT ?[0m  [["id", 1], ["LIMIT", 1]]
  ↳ app/services/account_info.rb:10:in `get_account_info'
Completed 500 Internal Server Error in 12ms (ActiveRecord: 1.9ms | Allocations: 2471)


  
ArgumentError (unknown keyword: message):
  
app/services/base_service.rb:27:in `response'
app/services/base_service.rb:18:in `error'
app/services/account_info.rb:14:in `rescue in get_account_info'
app/services/account_info.rb:8:in `get_account_info'
app/controllers/accounts_controller.rb:3:in `show'
Started GET "/accounts/1" for ::1 at 2022-08-17 00:05:53 +0900
Processing by AccountsController#show as HTML
  Parameters: {"id"=>"1"}
  [1m[35m (0.1ms)[0m  [1m[34mSELECT sqlite_version(*)[0m
  ↳ app/services/account_info.rb:10:in `get_account_info'
  [1m[36mAccount Load (0.2ms)[0m  [1m[34mSELECT "accounts".* FROM "accounts" WHERE "accounts"."id" = ? LIMIT ?[0m  [["id", 1], ["LIMIT", 1]]
  ↳ app/services/account_info.rb:10:in `get_account_info'
Completed 500 Internal Server Error in 7ms (ActiveRecord: 0.7ms | Allocations: 2472)


  
ArgumentError (unknown keyword: message):
  
app/services/base_service.rb:27:in `response'
app/services/base_service.rb:18:in `error'
app/services/account_info.rb:14:in `rescue in get_account_info'
app/services/account_info.rb:8:in `get_account_info'
app/controllers/accounts_controller.rb:3:in `show'
Started GET "/accounts/1" for ::1 at 2022-08-17 00:06:01 +0900
Processing by AccountsController#show as HTML
  Parameters: {"id"=>"1"}
  [1m[35m (0.1ms)[0m  [1m[34mSELECT sqlite_version(*)[0m
  ↳ app/services/account_info.rb:10:in `get_account_info'
  [1m[36mAccount Load (0.1ms)[0m  [1m[34mSELECT "accounts".* FROM "accounts" WHERE "accounts"."id" = ? LIMIT ?[0m  [["id", 1], ["LIMIT", 1]]
  ↳ app/services/account_info.rb:10:in `get_account_info'
Completed 500 Internal Server Error in 6ms (ActiveRecord: 0.6ms | Allocations: 2471)


  
ArgumentError (unknown keyword: message):
  
app/services/base_service.rb:27:in `response'
app/services/base_service.rb:18:in `error'
app/services/account_info.rb:14:in `rescue in get_account_info'
app/services/account_info.rb:8:in `get_account_info'
app/controllers/accounts_controller.rb:3:in `show'
Started GET "/accounts/1" for ::1 at 2022-08-17 00:07:12 +0900
Processing by AccountsController#show as HTML
  Parameters: {"id"=>"1"}
  [1m[35m (0.1ms)[0m  [1m[34mSELECT sqlite_version(*)[0m
  ↳ app/services/account_info.rb:10:in `get_account_info'
  [1m[36mAccount Load (0.2ms)[0m  [1m[34mSELECT "accounts".* FROM "accounts" WHERE "accounts"."id" = ? LIMIT ?[0m  [["id", 1], ["LIMIT", 1]]
  ↳ app/services/account_info.rb:10:in `get_account_info'
Completed 404 Not Found in 7ms (Views: 0.3ms | ActiveRecord: 0.7ms | Allocations: 2411)


Started GET "/accounts/1" for ::1 at 2022-08-17 00:08:00 +0900
Processing by AccountsController#show as HTML
  Parameters: {"id"=>"1"}
  [1m[35m (0.1ms)[0m  [1m[34mSELECT sqlite_version(*)[0m
  ↳ app/services/account_info.rb:10:in `get_account_info'
  [1m[36mAccount Load (0.1ms)[0m  [1m[34mSELECT "accounts".* FROM "accounts" WHERE "accounts"."id" = ? LIMIT ?[0m  [["id", 1], ["LIMIT", 1]]
  ↳ app/services/account_info.rb:10:in `get_account_info'
Completed 404 Not Found in 7ms (Views: 0.1ms | ActiveRecord: 0.9ms | Allocations: 2422)


Started GET "/accounts/1" for ::1 at 2022-08-17 00:08:04 +0900
Processing by AccountsController#show as HTML
  Parameters: {"id"=>"1"}
  [1m[35m (0.1ms)[0m  [1m[34mSELECT sqlite_version(*)[0m
  ↳ app/services/account_info.rb:10:in `get_account_info'
  [1m[36mAccount Load (0.3ms)[0m  [1m[34mSELECT "accounts".* FROM "accounts" WHERE "accounts"."id" = ? LIMIT ?[0m  [["id", 1], ["LIMIT", 1]]
  ↳ app/services/account_info.rb:10:in `get_account_info'
Completed 404 Not Found in 9ms (Views: 0.2ms | ActiveRecord: 0.9ms | Allocations: 2413)


Started GET "/accounts/8" for ::1 at 2022-08-17 00:08:31 +0900
Processing by AccountsController#show as HTML
  Parameters: {"id"=>"8"}
  [1m[35m (0.1ms)[0m  [1m[34mSELECT sqlite_version(*)[0m
  ↳ app/services/account_info.rb:10:in `get_account_info'
  [1m[36mAccount Load (0.2ms)[0m  [1m[34mSELECT "accounts".* FROM "accounts" WHERE "accounts"."id" = ? LIMIT ?[0m  [["id", 8], ["LIMIT", 1]]
  ↳ app/services/account_info.rb:10:in `get_account_info'
Completed 200 OK in 16ms (Views: 0.3ms | ActiveRecord: 1.7ms | Allocations: 5262)


